CRITICAL - 2024-02-28 12:01:41 --> Error: Class "App\Libraries\LeihtHelper" not found
in APPPATH/Controllers/Home.php on line 21.
 1 SYSTEMPATH/CodeIgniter.php(941): App\Controllers\Home->index()
 2 SYSTEMPATH/CodeIgniter.php(502): CodeIgniter\CodeIgniter->runController()
 3 SYSTEMPATH/CodeIgniter.php(361): CodeIgniter\CodeIgniter->handleRequest()
 4 FCPATH/index.php(79): CodeIgniter\CodeIgniter->run()
WARNING - 2024-02-28 12:25:57 --> [DEPRECATED] strtolower(): Passing null to parameter #1 ($string) of type string is deprecated in APPPATH/Controllers/ProcessBarcode.php on line 75.
 1 APPPATH/Controllers/ProcessBarcode.php(75): strtolower(null)
 2 APPPATH/Controllers/ProcessBarcode.php(55): App\Controllers\ProcessBarcode->checkSchuelerBarcode(null)
 3 SYSTEMPATH/CodeIgniter.php(941): App\Controllers\ProcessBarcode->ProcessBarcode()
 4 SYSTEMPATH/CodeIgniter.php(502): CodeIgniter\CodeIgniter->runController(Object(App\Controllers\ProcessBarcode))
 5 SYSTEMPATH/CodeIgniter.php(361): CodeIgniter\CodeIgniter->handleRequest(null, Object(Config\Cache), false)
 6 FCPATH/index.php(79): CodeIgniter\CodeIgniter->run()
WARNING - 2024-02-28 12:25:57 --> [DEPRECATED] strtolower(): Passing null to parameter #1 ($string) of type string is deprecated in APPPATH/Controllers/ProcessBarcode.php on line 142.
 1 APPPATH/Controllers/ProcessBarcode.php(142): strtolower(null)
 2 APPPATH/Controllers/ProcessBarcode.php(59): App\Controllers\ProcessBarcode->checkGegenstandBarcode(null)
 3 SYSTEMPATH/CodeIgniter.php(941): App\Controllers\ProcessBarcode->ProcessBarcode()
 4 SYSTEMPATH/CodeIgniter.php(502): CodeIgniter\CodeIgniter->runController(Object(App\Controllers\ProcessBarcode))
 5 SYSTEMPATH/CodeIgniter.php(361): CodeIgniter\CodeIgniter->handleRequest(null, Object(Config\Cache), false)
 6 FCPATH/index.php(79): CodeIgniter\CodeIgniter->run()
CRITICAL - 2024-02-28 12:31:02 --> Error: Class "App\Libraries\LeihtHelper" not found
in APPPATH/Controllers/Home.php on line 21.
 1 SYSTEMPATH/CodeIgniter.php(941): App\Controllers\Home->index()
 2 SYSTEMPATH/CodeIgniter.php(502): CodeIgniter\CodeIgniter->runController()
 3 SYSTEMPATH/CodeIgniter.php(361): CodeIgniter\CodeIgniter->handleRequest()
 4 FCPATH/index.php(79): CodeIgniter\CodeIgniter->run()
